2014-03-19 08:39:27 INFO  App:78 - Incio de servicio
2014-03-19 08:39:27 INFO  App:84 - Args: @minsaurralde,MInsaurralde,@SergioMassa,@denarvaez,@CFKArgentina,@Stolbizer,@danielscioli,@HermesBinner,@mauriciomacri,@elisacarrio,@DelaSotaOk,@juliocobos,@jmcapitanich,
2014-03-19 08:39:31 INFO  App:158 - @LuisMartinez678 - @rialjorge ESTE TEMA LO TERMINA SOLUCIONANDO LA PRESIDENTA (COMO SIEMPRE) SACANDO LAS PAPA DEL FUEGO A TODO EL MUNDO @CFKArgentina
2014-03-19 08:39:43 INFO  App:158 - @1000_Caracteres - Según @mauriciomacri la inflación de enero y febrero "se comió" gran parte del aumento a jubilados http://t.co/TpBWuIZ3hw
2014-03-19 08:39:47 INFO  App:158 - @marcasilda - @jmcapitanich gracias igualmente para vos y tú equipo
2014-03-19 08:41:34 INFO  App:78 - Incio de servicio
2014-03-19 08:41:34 INFO  App:84 - Args: @minsaurralde,MInsaurralde,@SergioMassa,@denarvaez,@CFKArgentina,@Stolbizer,@danielscioli,@HermesBinner,@mauriciomacri,@elisacarrio,@DelaSotaOk,@juliocobos,@jmcapitanich,
2014-03-19 08:41:38 INFO  App:158 - @Fmidentidad - #Narcotrafico "Aníbal Fernández lo dejó entrar con la efedrina. Lo vimos con el triple crimen" @elisacarrio en #Contrapunto @martinpitton
2014-03-19 08:41:40 INFO  App:158 - @exabruptos - ¿Hay link para escuchar las conferencias de prensa de @jmcapitanich ?
2014-03-19 08:41:46 INFO  App:158 - @lobizona - @C5N @danielscioli la educación es una inversión no un gasto! Jugatela!
2014-03-19 08:41:58 INFO  App:158 - @screename99 - Muchas gracias Sr. ! Igualmente para Ud. y equipo de trabajo! @jmcapitanich
2014-03-19 08:42:06 INFO  App:158 - @JohannaReinoso_ - RT @UNCTADKituyi: Me reuní con Martín Insaurralde @minsaurralde: Impresionado con las e-regulaciones en Lomas de Zamora http://t.co/LVccsDR…
2014-03-19 08:42:33 INFO  App:158 - @bleu5961 - RT @INFOen140: El cuadro que CFK le dio al Papa se lo había regalado un intendente de Mendoza y enviado vía @jmcapitanich http://t.co/0laV7…
2014-03-19 08:42:35 INFO  App:158 - @hectorbebe4 - @jmcapitanich muy buenos dias . exitos para esta jornada
2014-03-19 08:42:37 INFO  App:158 - @aliciaavellane1 - RT @minutounocom: #AHORA: @jmcapitanich: "El pan tiene tantos precios como lugares de producción existan" http://t.co/4nbnCxDrxW #informate…
2014-03-19 08:42:39 INFO  App:158 - @nicodigiacomo - @LuisMartinez678 @rialjorge @CFKArgentina como tendría que hacerlo no? Si pasan 10 días sin clase y la presidenta no hace nada tamos mal.
2014-03-19 08:42:52 INFO  App:158 - @Fmidentidad - @elisacarrio en #Contrapunto "El #CodigoPenal es una trampa de #CFK al que muchos opositores se prestaron" EN VIVO http://t.co/Sw58KqEuRf
2014-03-19 08:43:15 INFO  App:158 - @aliciaavellane1 - @minutounocom @jmcapitanich NO ME JODAN.....
2014-03-19 08:53:20 INFO  App:78 - Incio de servicio
2014-03-19 08:53:20 INFO  App:84 - Args: @minsaurralde,MInsaurralde,@SergioMassa,@denarvaez,@CFKArgentina,@Stolbizer,@danielscioli,@HermesBinner,@mauriciomacri,@elisacarrio,@DelaSotaOk,@juliocobos,@jmcapitanich,
2014-03-19 08:53:38 INFO  App:158 - @scorsettipablo - @oportomario en Noticias con Opinión. Tema: #conflictodocente ; proyecto de "Ley de Convivencia" anunciado por @CFKArgentina
2014-03-19 08:53:46 INFO  App:158 - @iaragelman - @jmcapitanich
2014-03-19 08:53:51 INFO  App:158 - @RockDirecto1 - RT @Rockdirecto: @SergioMassa @mauriciomacri @juliocobos @moralesgerardo1 @MiguelDelSel @David_Cameron ¿QUE HACEN PELOTUDOS?
2014-03-19 08:54:14 INFO  App:158 - @makako77 - NO SE EQUIVOCÓ! @Luis_Delia @CFKArgentina @arayamas @UltimaHoracom @marcebbri @teleSURtv @TV_Publica @josedibello http://t.co/0pYtof8OYM
2014-03-19 08:54:40 INFO  App:158 - @SanESalinas - RT @INFOen140: El cuadro que CFK le dio al Papa se lo había regalado un intendente de Mendoza y enviado vía @jmcapitanich http://t.co/0laV7…
2014-03-19 08:55:10 INFO  App:158 - @adn979fm - [AHORA] En #Reencuentro dialogamos con el analista político @JulioBarbaro sobre la visita a Roma de @CFKArgentina
2014-03-19 08:55:16 INFO  App:158 - @Tamylamas - RT @minutounocom: #AHORA: @jmcapitanich: "Los analistas económicos no son neutrales: operan por interés político o econónimo" #informatebien
2014-03-19 08:55:16 INFO  App:158 - @chacoprensaok - @jmcapitanich LIBRO SOBRE CAPITANICH: TAPA SUBIDA A FACEBOOK POR SU AUTOR http://t.co/xMumSZMMjk
2014-03-19 08:55:23 INFO  App:158 - @Danygus23 - @CFKArgentina evidentemente los trabajadores de clase media estamos imposibilitados de acceder a una vivienda.
2014-03-19 08:55:25 INFO  App:158 - @DsDBona - @danielscioli habló de "seguridad ciudadana" mientras desde el massismo piden la "emergencia" por un año. @FRPrensa http://t.co/gebe9nZXac
2014-03-19 08:55:28 INFO  App:158 - @mavivani - En 6 años de gobierno de @danielscioli hubo medio años sin clases por paros!. Esa es la gestión de este señor
2014-03-19 08:55:31 INFO  App:158 - @chacoprensaok - @jmcapitanich LIBRO SOBRE CAPITANICH: TAPA SUBIDA A FACEBOOK POR SU AUTOR http://t.co/fIcUbA22dy http://t.co/XOyB9EmAHK
2014-03-19 08:55:44 INFO  App:158 - @GraceBrunetti - @carlbonifatti @RaulDuprat Política K: Este intendente será el culpable de que @CFKArgentina le haya regalado una porquería al @Pontifex_es!
2014-03-19 08:55:50 INFO  App:158 - @RockDirecto1 - RT @Rockdirecto: @SergioMassa @mauriciomacri @juliocobos @moralesgerardo1 @MiguelDelSel @David_Cameron ¿QUE HACEN PELOTUDOS? http://t.co/CL…
2014-03-19 08:55:50 INFO  App:158 - @TermometroRadio - También escuchamos a @mariuvidal y @jorgemacri que acompañaron a @mauriciomacri en su recorrida por Quilmes
2014-03-19 08:55:55 INFO  App:158 - @martinpitton - @elisacarrio: A Duhalde le gustan los golpes civiles #Contrapunto @fmidentidad
2014-03-19 08:56:06 INFO  App:158 - @LuliSanchez - RT @INFOen140: El cuadro que CFK le dio al Papa se lo había regalado un intendente de Mendoza y enviado vía @jmcapitanich http://t.co/0laV7…
2014-03-19 08:56:17 INFO  App:158 - @Marianabran - El año pasado denuncie y pedi la intervención del def del pueblo para el tema docente.. Me alega q @danielscioli lo haya hecho este año!
2014-03-19 08:56:20 INFO  App:158 - @joramell_a - @CFKArgentina http://t.co/xY1YllDUO0 LEY:TODOS LOS PRECIOS DEBEN PRESENTAR SU ESTRUCTURA DE COSTOS JUSTIFICADA EN SIC Y SE TERMINO!URGENTE!
2014-03-19 08:56:39 INFO  App:158 - @patohembert - @CFKArgentina @Luis_Delia está tan acertado en lo que dice! entre los q mucho tienen y los q nada, justo ahi mete la cola el diablo!
2014-03-19 08:57:04 INFO  App:158 - @MarceloSabena1 - RT @Riber_Juniors: @mauriciomacri y el subte y el ABL?
2014-03-19 08:57:13 INFO  App:158 - @patitogosso - Deja de robar @mauriciomacri arreglen los subtes con el aumento #desastres #somosganado
2014-03-19 08:57:14 INFO  App:158 - @FABIANtortugas - RT @Daniela_M83: A $ 6,50 se iria el boleto urbano de colectivo en Neuquén capital #GrupoINDALO. @CFKArgentina necesitamos la SUBE
2014-03-19 08:57:46 INFO  App:158 - @lacorrientek - Dice @elisacarrio: http://t.co/m2DqGr9s3S Coincide con @MiguelDelSel entonces, que dice lo mismo
2014-03-19 08:58:21 INFO  App:158 - @joramell_a - @CFKArgentina @infobae   http://t.co/xY1YllDUO0 … LEY:TODOS LOS PRECIOS DEBEN PRESENTAR SU ESTRUCTURA DE COSTOS JUSTIFICADA EN SIC -URGENTE!
2014-03-19 08:58:30 INFO  App:158 - @shipanther - @CFKArgentina 
..........como me gustaría hablar con usted por  la utilización de los ríos.
 pero realmente  misión imposible
2014-03-19 08:58:46 INFO  App:158 - @LilyManci - @danielscioli  @lajeantonio @Lanataenel13 SCIOLI DEBE SACAR A LA DIRECTORA NORA DE LUCIA, POR LAS MENTIRAS QUE DIJO, SCIOLI ES UN DELINCUENT
2014-03-19 08:59:18 INFO  App:158 - @soyapolitico1 - @CFKArgentina imperdonable "@lanacioncom: Militantes izaron una bandera de La Cámpora en una plaza de Recoleta http://t.co/717fTdfszo"
2014-03-19 08:59:34 INFO  App:158 - @Martupun - RT @INFOen140: El cuadro que CFK le dio al Papa se lo había regalado un intendente de Mendoza y enviado vía @jmcapitanich http://t.co/0laV7…
2014-03-19 08:59:51 INFO  App:78 - Incio de servicio
2014-03-19 08:59:52 INFO  App:84 - Args: @minsaurralde,MInsaurralde,@SergioMassa,@denarvaez,@CFKArgentina,@Stolbizer,@danielscioli,@HermesBinner,@mauriciomacri,@elisacarrio,@DelaSotaOk,@juliocobos,@jmcapitanich,
2014-03-19 08:59:59 INFO  App:158 - @susanabordiola - RT @Scioli_2015: Presentaron proyecto contra la violencia en el deporte en el Senado Diario Online http://t.co/gdI12Dwrhj  @juancuruchet  @…
2014-03-19 08:59:59 INFO  App:158 - @susanabordiola - RT @Scioli_2015: Presentaron proyecto contra la violencia en el deporte en el Senado Diario Online http://t.co/gdI12Dwrhj  @juancuruchet  @…
2014-03-19 09:00:00 INFO  App:158 - @Leonardo_mallo - @danielscioli  "@blobicargentina: Luis Guillón: asalto y muerte en una parrilla | http://t.co/T4GA05zkjb http://t.co/2tHNfZm2Wt"
2014-03-19 09:00:00 INFO  App:158 - @Leonardo_mallo - @danielscioli  "@blobicargentina: Luis Guillón: asalto y muerte en una parrilla | http://t.co/T4GA05zkjb http://t.co/2tHNfZm2Wt"
2014-03-19 09:00:09 INFO  App:158 - @anymv - @julyanaarduain Entonces es clarito lo que dijo el Papa es una hipocrita! @CFKArgentina
2014-03-19 09:00:09 INFO  App:158 - @anymv - @julyanaarduain Entonces es clarito lo que dijo el Papa es una hipocrita! @CFKArgentina
2014-03-19 09:00:11 INFO  App:158 - @Darialber - Repito xq hay preocupación en los docentes, si @danielscioli o una mano negra no hacen nada raro, hoy los docentes hacen temblar a La Plata
2014-03-19 09:00:11 INFO  App:158 - @Darialber - Repito xq hay preocupación en los docentes, si @danielscioli o una mano negra no hacen nada raro, hoy los docentes hacen temblar a La Plata
2014-03-19 09:00:40 INFO  App:158 - @mitapalito - @jmcapitanich también buen miércoles coqui, dios lo bendiga
2014-03-19 09:00:40 INFO  App:158 - @mitapalito - @jmcapitanich también buen miércoles coqui, dios lo bendiga
2014-03-19 09:00:51 INFO  App:158 - @luisrodriguezrm - @danielscioli“señor paciencia“a nuestros chicos los forman  los docentes....a usted quien lo formo?11dias d paciencia http://t.co/FjaL9RuDQ0
2014-03-19 09:00:51 INFO  App:158 - @luisrodriguezrm - @danielscioli“señor paciencia“a nuestros chicos los forman  los docentes....a usted quien lo formo?11dias d paciencia http://t.co/FjaL9RuDQ0
2014-03-19 09:00:58 INFO  App:158 - @marcelambertini - Massa con el cacique Qom http://t.co/1AwnEHaGyT vía @l_p_o @sergiomassa visitara Formosa para interiorizarse de la problematica Qom
2014-03-19 09:00:58 INFO  App:158 - @marcelambertini - Massa con el cacique Qom http://t.co/1AwnEHaGyT vía @l_p_o @sergiomassa visitara Formosa para interiorizarse de la problematica Qom
2014-03-19 09:00:58 INFO  App:158 - @iaragelman - @jmcapitanich No podrá tenerlo el jubilado de Carapachay asesinado hoy por robo ni la abuela muerta en La Tablada por el mismo motivo.
2014-03-19 09:00:58 INFO  App:158 - @iaragelman - @jmcapitanich No podrá tenerlo el jubilado de Carapachay asesinado hoy por robo ni la abuela muerta en La Tablada por el mismo motivo.
2014-03-19 09:01:06 INFO  App:158 - @ibst77 - RT @minutounocom: #AHORA: @jmcapitanich: "El Secretario de Comercio se está encargando de las negociaciones por el precio del pan" #informa…
2014-03-19 09:01:06 INFO  App:158 - @ibst77 - RT @minutounocom: #AHORA: @jmcapitanich: "El Secretario de Comercio se está encargando de las negociaciones por el precio del pan" #informa…
2014-03-19 09:01:13 INFO  App:158 - @FRenovador2015 - RT @FteRenovLanus: Legisladores del @frenterenovador los más votados en los premios. @SergioMassa @joselpallares @RubenEslaiman http://t.co…
2014-03-19 09:01:13 INFO  App:158 - @FRenovador2015 - RT @FteRenovLanus: Legisladores del @frenterenovador los más votados en los premios. @SergioMassa @joselpallares @RubenEslaiman http://t.co…
2014-03-19 09:01:14 INFO  App:158 - @a_moreyra - @minutounocom @jmcapitanich dejemos de joder aca los unicos que remarcan los precios son los empresarios con el permiso del gobierno....
2014-03-19 09:01:14 INFO  App:158 - @a_moreyra - @minutounocom @jmcapitanich dejemos de joder aca los unicos que remarcan los precios son los empresarios con el permiso del gobierno....
2014-03-19 09:01:31 INFO  App:158 - @viana_ar - @zonarojas Alte Brown 15 micros, gente parada. Avisé a @danielscioli q en un rato llegamos http://t.co/jwYZxGdXG2
2014-03-19 09:01:31 INFO  App:158 - @viana_ar - @zonarojas Alte Brown 15 micros, gente parada. Avisé a @danielscioli q en un rato llegamos http://t.co/jwYZxGdXG2
2014-03-19 09:01:48 INFO  App:158 - @LilyManci - @julyanaarduain @anymv @CFKArgentina es una HIPÓCRITA!!! EL PAPA FUE MUY CLARO EN SU MENSAJE!!!! HIPÓCRITA Y DELINCUENTE!!!
2014-03-19 09:01:57 INFO  App:158 - @LuisMartinez678 - @nicodigiacomo @rialjorge @CFKArgentina SI ESTAMOS MUY MAL, DESDE 2003 #SOLUCIONANDO_TODOS_LOS_QUILOMBOS_Y_DEUDAS Q DEJARON GOB.ANTERIORES
2014-03-19 09:01:58 INFO  App:158 - @hectordlfuente - RT @Fmidentidad: @elisacarrio "La reunión con el #Papa hizo q #CFK sorteara el golpe del PJ y de sectores del establishment" #Contrapunto c…
2014-03-19 09:01:58 INFO  App:158 - @mcsimbron - RT @luanceblanco: Subte #lineaD interrumpida? @mauriciomacri explicame esto?! Me estas choreando casi 5 mangos de boleto para dejarme a pat…
2014-03-19 09:02:03 INFO  App:158 - @Verga_Mota - Sra @CFKArgentina ¿no cree que su esguince merece una #CadenaNacional ?
2014-03-19 09:03:21 INFO  App:78 - Incio de servicio
2014-03-19 09:03:21 INFO  App:84 - Args: @minsaurralde,MInsaurralde,@SergioMassa,@denarvaez,@CFKArgentina,@Stolbizer,@danielscioli,@HermesBinner,@mauriciomacri,@elisacarrio,@DelaSotaOk,@juliocobos,@jmcapitanich,
2014-03-19 09:03:26 INFO  App:158 - @susanabordiola - RT @Scioli_2015: @danielscioli "Sacando las armas y las drogas, reducimos el problema"Diario El Día http://t.co/p5VXNXVsuQ @juancuruchet @M…
2014-03-19 09:03:29 INFO  App:158 - @marceari1971 - @RandazzoF @CFKArgentina toda medida de seguridad es bienvenida, pero me parece que hay prioridades.
2014-03-19 09:03:30 INFO  App:158 - @bru76 - RT @drapignata: .@SergioMassa dice "para eso sirve el ipad y el google" refiriéndose a quiénes lo insultan. Y ustedes dicen que @mauricioma…
2014-03-19 09:03:46 INFO  App:158 - @MarianoCarbone1 - @infobae Y....a confesión de parte relevo de pruebas no @minsaurralde ? Cuac Cuac!
2014-03-19 09:03:46 INFO  App:158 - @Casi_Despierto - Di Lello en @Casi_Despierto sobre la causa de escuchas ilegales: " En el expediente está probada la participación de @mauriciomacri "
2014-03-19 09:03:50 INFO  App:158 - @hernanliceda - @diarioveloz:
 @jmcapitanich: “El conflicto en Crimea genera un aumento en el precio de trigo internacional“ 
#Estadista
2014-03-19 09:03:53 INFO  App:158 - @pampa59 - Poco serio, vincular homilía de @Pontifex_es sobre hipocresía luego de almuerzo con @CFKArgentina.. Deja mal a Francisco. Ver @perfilcom
2014-03-19 09:03:54 INFO  App:158 - @titofino - che, @CFKArgentina como estuvo el homenaje a napoleon, lindo? t cuento q aca empezo el juicio x las victoimas d #Once . Saludos.
2014-03-19 09:04:03 INFO  App:158 - @iaragelman - @jmcapitanich No podrán tenerlo el jubilado de Carapachay asesinado hoy por robo ni la abuela muerta en La Tablada por el mismo motivo.
2014-03-19 09:04:04 INFO  App:158 - @spatroncostas - @danielscioli habla de la inseguridad como si fuese gobernador de Punta Cana. Compañero, le recuerdo q gobierna la provincia hace 8 años!!
2014-03-19 09:05:18 INFO  App:78 - Incio de servicio
2014-03-19 09:05:18 INFO  App:84 - Args: @minsaurralde,MInsaurralde,@SergioMassa,@denarvaez,@CFKArgentina,@Stolbizer,@danielscioli,@HermesBinner,@mauriciomacri,@elisacarrio,@DelaSotaOk,@juliocobos,@jmcapitanich,
2014-03-19 09:05:27 INFO  App:158 - @plivestrong - RT @anymv: @julyanaarduain Entonces es clarito lo que dijo el Papa es una hipocrita! @CFKArgentina
2014-03-19 09:05:37 INFO  App:158 - @Rockdirecto - @SergioMassa @mauriciomacri @juliocobos @moralesgerardo1 @MiguelDelSel @David_Cameron QUE HACEN PELOTUDOS?http://t.co/CLaHv4j3WG … … … … … …
2014-03-19 09:05:37 INFO  App:158 - @MarianoCarbone1 - RT @MassaPrensa: "El 6/1 propusimos adelantar las paritarias y en ese momento pasó lo mismo que con el CP, insultos y agravios" @SergioMass…
2014-03-19 09:05:55 INFO  App:158 - @PJ_LaPlata1 - RT @radioulaplata: Conferencia de @jmcapitanich sobre el precio del pan: "Lo definirá el secretario de Comercio esta semana".
2014-03-19 09:05:58 INFO  App:158 - @ABRAZOXDARVIDA - @denarvaez 2014 seguimos diciendo NO a la Reforma del art 19 #NvoCodigoCivil! es retroceder 150 años! http://t.co/GQ75JHMfkg
2014-03-19 09:06:01 INFO  App:158 - @Naty_servente - RT @gastonlassalle: A partir d hoy la Unidad Sanit "F. Payas" d Llavallol, se amplía c/ la incorporación d terreno lindero @minsaurralde ht…
2014-03-19 09:06:04 INFO  App:158 - @Naty_servente - RT @gastonlassalle: Este es el terreno q se sumará a la Unidad Sanitaria "F. Payas" de Llavallol. @minsaurralde http://t.co/mqKH7lUzIm
2014-03-19 09:06:15 INFO  App:158 - @CelestePaz9 - Bueno murizio, el pasaje $4.50 y demoras de 20' en la linea B. @mauriciomacri caradura! #DeshaciendoBsAs #politicaPRO
2014-03-19 09:06:30 INFO  App:158 - @ProyeNac - Dijo en "Primer Plano" @gabmariotto “Construímos en el #ProyectoNacional que lidera @CFKArgentina”
2014-03-19 09:06:35 INFO  App:158 - @LorussoGustavo - RT @AARLIA: Obras estructurales del Arroyo El Gato en marcha. Gestión @danielscioli
2014-03-19 09:06:36 INFO  App:158 - @marcosmza62 - RT @pampa59: Poco serio, vincular homilía de @Pontifex_es sobre hipocresía luego de almuerzo con @CFKArgentina.. Deja mal a Francisco. Ver …
2014-03-19 09:06:36 INFO  App:158 - @Letra_P - @jmcapitanich y el conflicto docente bonaerense: “es responsabilidad de la Provincia” http://t.co/1lGP5obgQQ #Política
2014-03-19 09:06:37 INFO  App:158 - @elvasoestavacio - RT @lalunaencasa: @CFKArgentina @YouTube I liked a @YouTube video http://t.co/LcbPkiIOvu Manzana Podrida Acustico - Pañuelos Blancos
2014-03-19 09:06:44 INFO  App:158 - @LorussoGustavo - RT @JHperiodista: Quilmes: Dos Ministros d @danielscioli encabezaron operativo en el Distrito http://t.co/jNAWSFOpfs @AARLIA @eraparicio @b…
2014-03-19 09:06:45 INFO  App:158 - @ProyeNac - Dijo en "Primer Plano" @gabmariotto “Construímos en el #ProyectoNacional que lidera @CFKArgentina” http://t.co/qzqLihMhaA
2014-03-19 09:06:58 INFO  App:158 - @marcosmza62 - @pampa59 @Pontifex_es @CFKArgentina @perfilcom Hay que ahorrar letras Perfil no es serio
